<?xml version="1.0" encoding="UTF-8"?>
<testsuite name="org.judy.testfb.service.TestServiceTEsts" tests="1" skipped="0" failures="0" errors="0" timestamp="2021-04-27T08:11:55" hostname="DESKTOP-8JMSRA8" time="2.21">
  <properties/>
  <testcase name="testinsert()" classname="org.judy.testfb.service.TestServiceTEsts" time="2.21"/>
  <system-out><![CDATA[17:11:53.478 [Test worker] DEBUG org.springframework.test.context.BootstrapUtils - Instantiating CacheAwareContextLoaderDelegate from class [org.springframework.test.context.cache.DefaultCacheAwareContextLoaderDelegate]
17:11:53.488 [Test worker] DEBUG org.springframework.test.context.BootstrapUtils - Instantiating BootstrapContext using constructor [public org.springframework.test.context.support.DefaultBootstrapContext(java.lang.Class,org.springframework.test.context.CacheAwareContextLoaderDelegate)]
17:11:53.518 [Test worker] DEBUG org.springframework.test.context.BootstrapUtils - Instantiating TestContextBootstrapper for test class [org.judy.testfb.service.TestServiceTEsts] from class [org.springframework.boot.test.context.SpringBootTestContextBootstrapper]
17:11:53.528 [Test worker] INFO org.springframework.boot.test.context.SpringBootTestContextBootstrapper - Neither @ContextConfiguration nor @ContextHierarchy found for test class [org.judy.testfb.service.TestServiceTEsts], using SpringBootContextLoader
17:11:53.531 [Test worker] DEBUG org.springframework.test.context.support.AbstractContextLoader - Did not detect default resource location for test class [org.judy.testfb.service.TestServiceTEsts]: class path resource [org/judy/testfb/service/TestServiceTEsts-context.xml] does not exist
17:11:53.532 [Test worker] DEBUG org.springframework.test.context.support.AbstractContextLoader - Did not detect default resource location for test class [org.judy.testfb.service.TestServiceTEsts]: class path resource [org/judy/testfb/service/TestServiceTEstsContext.groovy] does not exist
17:11:53.532 [Test worker] INFO org.springframework.test.context.support.AbstractContextLoader - Could not detect default resource locations for test class [org.judy.testfb.service.TestServiceTEsts]: no resource found for suffixes {-context.xml, Context.groovy}.
17:11:53.533 [Test worker] INFO org.springframework.test.context.support.AnnotationConfigContextLoaderUtils - Could not detect default configuration classes for test class [org.judy.testfb.service.TestServiceTEsts]: TestServiceTEsts does not declare any static, non-private, non-final, nested classes annotated with @Configuration.
17:11:53.568 [Test worker] DEBUG org.springframework.test.context.support.ActiveProfilesUtils - Could not find an 'annotation declaring class' for annotation type [org.springframework.test.context.ActiveProfiles] and class [org.judy.testfb.service.TestServiceTEsts]
17:11:53.634 [Test worker] DEBUG org.springframework.context.annotation.ClassPathScanningCandidateComponentProvider - Identified candidate component class: file [C:\Users\ygk07\Documents\stslegacystudy\testfb\build\classes\java\main\org\judy\testfb\TestfbApplication.class]
17:11:53.636 [Test worker] INFO org.springframework.boot.test.context.SpringBootTestContextBootstrapper - Found @SpringBootConfiguration org.judy.testfb.TestfbApplication for test class org.judy.testfb.service.TestServiceTEsts
17:11:53.730 [Test worker] DEBUG org.springframework.boot.test.context.SpringBootTestContextBootstrapper - @TestExecutionListeners is not present for class [org.judy.testfb.service.TestServiceTEsts]: using defaults.
17:11:53.731 [Test worker] INFO org.springframework.boot.test.context.SpringBootTestContextBootstrapper - Loaded default TestExecutionListener class names from location [META-INF/spring.factories]: [org.springframework.boot.test.autoconfigure.restdocs.RestDocsTestExecutionListener, org.springframework.boot.test.autoconfigure.web.client.MockRestServiceServerResetTestExecutionListener, org.springframework.boot.test.autoconfigure.web.servlet.MockMvcPrintOnlyOnFailureTestExecutionListener, org.springframework.boot.test.autoconfigure.web.servlet.WebDriverTestExecutionListener, org.springframework.boot.test.autoconfigure.webservices.client.MockWebServiceServerTestExecutionListener, org.springframework.boot.test.mock.mockito.MockitoTestExecutionListener, org.springframework.boot.test.mock.mockito.ResetMocksTestExecutionListener, org.springframework.test.context.web.ServletTestExecutionListener, org.springframework.test.context.support.DirtiesContextBeforeModesTestExecutionListener, org.springframework.test.context.event.ApplicationEventsTestExecutionListener, org.springframework.test.context.support.DependencyInjectionTestExecutionListener, org.springframework.test.context.support.DirtiesContextTestExecutionListener, org.springframework.test.context.transaction.TransactionalTestExecutionListener, org.springframework.test.context.jdbc.SqlScriptsTestExecutionListener, org.springframework.test.context.event.EventPublishingTestExecutionListener]
17:11:53.741 [Test worker] DEBUG org.springframework.boot.test.context.SpringBootTestContextBootstrapper - Skipping candidate TestExecutionListener [org.springframework.test.context.transaction.TransactionalTestExecutionListener] due to a missing dependency. Specify custom listener classes or make the default listener classes and their required dependencies available. Offending class: [org/springframework/transaction/interceptor/TransactionAttributeSource]
17:11:53.742 [Test worker] DEBUG org.springframework.boot.test.context.SpringBootTestContextBootstrapper - Skipping candidate TestExecutionListener [org.springframework.test.context.jdbc.SqlScriptsTestExecutionListener] due to a missing dependency. Specify custom listener classes or make the default listener classes and their required dependencies available. Offending class: [org/springframework/transaction/interceptor/TransactionAttribute]
17:11:53.742 [Test worker] INFO org.springframework.boot.test.context.SpringBootTestContextBootstrapper - Using TestExecutionListeners: [org.springframework.test.context.web.ServletTestExecutionListener@215331e0, org.springframework.test.context.support.DirtiesContextBeforeModesTestExecutionListener@21c6e5eb, org.springframework.test.context.event.ApplicationEventsTestExecutionListener@411a8cea, org.springframework.boot.test.mock.mockito.MockitoTestExecutionListener@10911324, org.springframework.boot.test.autoconfigure.SpringBootDependencyInjectionTestExecutionListener@2875fce7, org.springframework.test.context.support.DirtiesContextTestExecutionListener@3e8aadbf, org.springframework.test.context.event.EventPublishingTestExecutionListener@2b620b58, org.springframework.boot.test.autoconfigure.restdocs.RestDocsTestExecutionListener@33f22523, org.springframework.boot.test.autoconfigure.web.client.MockRestServiceServerResetTestExecutionListener@34e7757e, org.springframework.boot.test.autoconfigure.web.servlet.MockMvcPrintOnlyOnFailureTestExecutionListener@5f6bd108, org.springframework.boot.test.autoconfigure.web.servlet.WebDriverTestExecutionListener@64e83976, org.springframework.boot.test.autoconfigure.webservices.client.MockWebServiceServerTestExecutionListener@4691d3f5, org.springframework.boot.test.mock.mockito.ResetMocksTestExecutionListener@495202dc]
17:11:53.745 [Test worker] DEBUG org.springframework.test.context.support.AbstractDirtiesContextTestExecutionListener - Before test class: context [DefaultTestContext@106553 testClass = TestServiceTEsts, testInstance = [null], testMethod = [null], testException = [null], mergedContextConfiguration = [WebMergedContextConfiguration@4779e727 testClass = TestServiceTEsts, locations = '{}', classes = '{class org.judy.testfb.TestfbApplication}', contextInitializerClasses = '[]', activeProfiles = '{}', propertySourceLocations = '{}', propertySourceProperties = '{org.springframework.boot.test.context.SpringBootTestContextBootstrapper=true}', contextCustomizers = set[org.springframework.boot.test.autoconfigure.actuate.metrics.MetricsExportContextCustomizerFactory$DisableMetricExportContextCustomizer@7f9d16d, org.springframework.boot.test.autoconfigure.properties.PropertyMappingContextCustomizer@0, org.springframework.boot.test.autoconfigure.web.servlet.WebDriverContextCustomizerFactory$Customizer@739f2177, org.springframework.boot.test.context.filter.ExcludeFilterContextCustomizer@5d666e36, org.springframework.boot.test.json.DuplicateJsonObjectContextCustomizerFactory$DuplicateJsonObjectContextCustomizer@51dc9ac1, org.springframework.boot.test.mock.mockito.MockitoContextCustomizer@0, org.springframework.boot.test.web.client.TestRestTemplateContextCustomizer@21d2acd1, org.springframework.boot.test.context.SpringBootTestArgs@1, org.springframework.boot.test.context.SpringBootTestWebEnvironment@111c54f6], resourceBasePath = 'src/main/webapp', contextLoader = 'org.springframework.boot.test.context.SpringBootContextLoader', parent = [null]], attributes = map['org.springframework.test.context.web.ServletTestExecutionListener.activateListener' -> true]], class annotated with @DirtiesContext [false] with mode [null].
17:11:53.772 [Test worker] DEBUG org.springframework.test.context.support.TestPropertySourceUtils - Adding inlined properties to environment: {spring.jmx.enabled=false, org.springframework.boot.test.context.SpringBootTestContextBootstrapper=true}

  .   ____          _            __ _ _
 /\\ / ___'_ __ _ _(_)_ __  __ _ \ \ \ \
( ( )\___ | '_ | '_| | '_ \/ _` | \ \ \ \
 \\/  ___)| |_)| | | | | || (_| |  ) ) ) )
  '  |____| .__|_| |_|_| |_\__, | / / / /
 =========|_|==============|___/=/_/_/_/
 :: Spring Boot ::                (v2.4.5)

2021-04-27 17:11:54.016  INFO 14544 --- [    Test worker] o.judy.testfb.service.TestServiceTEsts   : Starting TestServiceTEsts using Java 15.0.1 on DESKTOP-8JMSRA8 with PID 14544 (started by ygk07 in C:\Users\ygk07\Documents\stslegacystudy\testfb)
2021-04-27 17:11:54.018  INFO 14544 --- [    Test worker] o.judy.testfb.service.TestServiceTEsts   : No active profile set, falling back to default profiles: default
2021-04-27 17:11:55.111  INFO 14544 --- [    Test worker] o.s.s.concurrent.ThreadPoolTaskExecutor  : Initializing ExecutorService 'applicationTaskExecutor'
2021-04-27 17:11:55.439  INFO 14544 --- [    Test worker] o.judy.testfb.service.TestServiceTEsts   : Started TestServiceTEsts in 1.659 seconds (JVM running for 2.704)
2021-04-27T08:11:58.875805000Z
]]></system-out>
  <system-err><![CDATA[]]></system-err>
</testsuite>
